<?xml version="1.0" encoding="UTF-8"?>
<!-- Generated by org.testng.reporters.JUnitReportReporter -->
<testsuite hostname="LAPTOP-4H9OMSJB" failures="0" tests="4" name="petdisesealert_testcases.Pet_testcases" time="89.353" errors="0" timestamp="2023-02-11T13:33:45 IST" skipped="0">
  <testcase classname="petdisesealert_testcases.Pet_testcases" name="states" time="25.786"/>
  <system-out/>
  <testcase classname="petdisesealert_testcases.Pet_testcases" name="states" time="11.990"/>
  <system-out/>
  <testcase classname="petdisesealert_testcases.Pet_testcases" name="states" time="26.022"/>
  <system-out/>
  <testcase classname="petdisesealert_testcases.Pet_testcases" name="states" time="25.555"/>
  <system-out/>
</testsuite> <!-- petdisesealert_testcases.Pet_testcases -->
